#
# There is insufficient memory for the Java Runtime Environment to continue.
# Native memory allocation (mmap) failed to map 65011712 bytes for G1 virtual space
# Possible reasons:
#   The system is out of physical RAM or swap space
#   The process is running with CompressedOops enabled, and the Java Heap may be blocking the growth of the native heap
# Possible solutions:
#   Reduce memory load on the system
#   Increase physical memory or swap space
#   Check if swap backing store is full
#   Decrease Java heap size (-Xmx/-Xms)
#   Decrease number of Java threads
#   Decrease Java thread stack sizes (-Xss)
#   Set larger code cache with -XX:ReservedCodeCacheSize=
#   JVM is running with Unscaled Compressed Oops mode in which the Java heap is
#     placed in the first 4GB address space. The Java Heap base address is the
#     maximum limit for the native heap growth. Please use -XX:HeapBaseMinAddress
#     to set the Java Heap base and to place the Java Heap above 4GB virtual address.
# This output file may be truncated or incomplete.
#
#  Out of Memory Error (os_windows.cpp:3552), pid=8032, tid=13184
#
# JRE version:  (17.0.9+11) (build )
# Java VM: Java HotSpot(TM) 64-Bit Server VM (17.0.9+11-LTS-201, mixed mode, sharing, tiered, compressed oops, compressed class ptrs, g1 gc, windows-amd64)
# No core dump will be written. Minidumps are not enabled by default on client versions of Windows
#

---------------  S U M M A R Y ------------

Command Line: -Dclassworlds.conf=C:\Program Files\apache-maven-3.9.8-bin\apache-maven-3.9.8\bin\m2.conf -Dmaven.home=C:\Program Files\apache-maven-3.9.8-bin\apache-maven-3.9.8 -Dlibrary.jansi.path=C:\Program Files\apache-maven-3.9.8-bin\apache-maven-3.9.8\lib\jansi-native -Dmaven.multiModuleProjectDirectory=I:\sarthak personal data\Task managemnt project\task-service org.codehaus.plexus.classworlds.launcher.Launcher spring-boot:run

Host: Intel(R) Pentium(R) CPU G3240 @ 3.10GHz, 2 cores, 3G,  Windows 10 , 64 bit Build 19041 (10.0.19041.1202)
Time: Fri Aug 30 21:03:01 2024 India Standard Time elapsed time: 1.049033 seconds (0d 0h 0m 1s)

---------------  T H R E A D  ---------------

Current thread (0x0000026565fcf970):  JavaThread "Unknown thread" [_thread_in_vm, id=13184, stack(0x000000c727800000,0x000000c727900000)]

Stack: [0x000000c727800000,0x000000c727900000]
Native frames: (J=compiled Java code, j=interpreted, Vv=VM code, C=native code)
V  [jvm.dll+0x678a4a]
V  [jvm.dll+0x7d9cfd]
V  [jvm.dll+0x7db60e]
V  [jvm.dll+0x7dbc73]
V  [jvm.dll+0x245e1f]
V  [jvm.dll+0x6758f9]
V  [jvm.dll+0x66a2a2]
V  [jvm.dll+0x303686]
V  [jvm.dll+0x30ac06]
V  [jvm.dll+0x35a48e]
V  [jvm.dll+0x35a6bf]
V  [jvm.dll+0x2da678]
V  [jvm.dll+0x2db5e4]
V  [jvm.dll+0x7ab6b1]
V  [jvm.dll+0x368041]
V  [jvm.dll+0x78a749]
V  [jvm.dll+0x3ebd4f]
V  [jvm.dll+0x3ed7d1]
C  [jli.dll+0x5297]
C  [ucrtbase.dll+0x21bb2]
C  [KERNEL32.DLL+0x17034]
C  [ntdll.dll+0x52651]


---------------  P R O C E S S  ---------------

Threads class SMR info:
_java_thread_list=0x00007ffa7f0f89d8, length=0, elements={
}

Java Threads: ( => current thread )

Other Threads:
  0x0000026566009ed0 GCTaskThread "GC Thread#0" [stack: 0x000000c727a00000,0x000000c727b00000] [id=10268]
  0x0000026566012a20 ConcurrentGCThread "G1 Main Marker" [stack: 0x000000c727b00000,0x000000c727c00000] [id=5524]
  0x0000026566013430 ConcurrentGCThread "G1 Conc#0" [stack: 0x000000c727c00000,0x000000c727d00000] [id=1876]

[error occurred during error reporting (printing all threads), id 0xc0000005, EXCEPTION_ACCESS_VIOLATION (0xc0000005) at pc=0x00007ffa7e92b2d7]

VM state: not at safepoint (not fully initialized)

VM Mutex/Monitor currently owned by a thread:  ([mutex/lock_event])
[0x0000026565fc8e10] Heap_lock - owner thread: 0x0000026565fcf970

Heap address: 0x00000000c2000000, size: 992 MB, Compressed Oops mode: 32-bit

CDS archive(s) mapped at: [0x0000000000000000-0x0000000000000000-0x0000000000000000), size 0, SharedBaseAddress: 0x0000000800000000, ArchiveRelocationMode: 1.
Narrow klass base: 0x0000000000000000, Narrow klass shift: 0, Narrow klass range: 0x0

GC Precious Log:
<Empty>

Heap:
 garbage-first heap   total 0K, used 0K [0x00000000c2000000, 0x0000000100000000)
  region size 1024K, 0 young (0K), 0 survivors (0K)

[error occurred during error reporting (printing heap information), id 0xc0000005, EXCEPTION_ACCESS_VIOLATION (0xc0000005) at pc=0x00007ffa7ed12229]

GC Heap History (0 events):
No events

Deoptimization events (0 events):
No events

Classes unloaded (0 events):
No events

Classes redefined (0 events):
No events

Internal exceptions (0 events):
No events

VM Operations (0 events):
No events

Events (1 events):
Event: 0.067 Loaded shared library C:\Program Files\Java\jdk-17\bin\java.dll


Dynamic libraries:
0x00007ff7c1a50000 - 0x00007ff7c1a60000 	C:\Program Files\Java\jdk-17\bin\java.exe
0x00007ffacccf0000 - 0x00007ffaccee5000 	C:\Windows\SYSTEM32\ntdll.dll
0x00007ffacbb50000 - 0x00007ffacbc0e000 	C:\Windows\System32\KERNEL32.DLL
0x00007ffaca650000 - 0x00007ffaca919000 	C:\Windows\System32\KERNELBASE.dll
0x00007ffacaa80000 - 0x00007ffacab80000 	C:\Windows\System32\ucrtbase.dll
0x00007ffac0310000 - 0x00007ffac0329000 	C:\Program Files\Java\jdk-17\bin\jli.dll
0x00007ffacc740000 - 0x00007ffacc7ec000 	C:\Windows\System32\ADVAPI32.dll
0x00007ffacb8a0000 - 0x00007ffacb93e000 	C:\Windows\System32\msvcrt.dll
0x00007ffacc450000 - 0x00007ffacc4eb000 	C:\Windows\System32\sechost.dll
0x00007ffacb770000 - 0x00007ffacb89a000 	C:\Windows\System32\RPCRT4.dll
0x00007ffacb990000 - 0x00007ffacbb31000 	C:\Windows\System32\USER32.dll
0x00007ffaca410000 - 0x00007ffaca432000 	C:\Windows\System32\win32u.dll
0x00007ffacb940000 - 0x00007ffacb96b000 	C:\Windows\System32\GDI32.dll
0x00007ffaca970000 - 0x00007ffacaa7b000 	C:\Windows\System32\gdi32full.dll
0x00007ffacab80000 - 0x00007ffacac1d000 	C:\Windows\System32\msvcp_win.dll
0x00007ffac0000000 - 0x00007ffac001b000 	C:\Program Files\Java\jdk-17\bin\VCRUNTIME140.dll
0x00007ffab6a90000 - 0x00007ffab6d2a000 	C:\Windows\WinSxS\amd64_microsoft.windows.common-controls_6595b64144ccf1df_6.0.19041.1110_none_60b5254171f9507e\COMCTL32.dll
0x00007ffabe990000 - 0x00007ffabe99a000 	C:\Windows\SYSTEM32\VERSION.dll
0x00007ffaccb60000 - 0x00007ffaccb90000 	C:\Windows\System32\IMM32.DLL
0x00007ffac5e80000 - 0x00007ffac5e8c000 	C:\Program Files\Java\jdk-17\bin\vcruntime140_1.dll
0x00007ffaa31a0000 - 0x00007ffaa322e000 	C:\Program Files\Java\jdk-17\bin\msvcp140.dll
0x00007ffa7e640000 - 0x00007ffa7f221000 	C:\Program Files\Java\jdk-17\bin\server\jvm.dll
0x00007ffacc7f0000 - 0x00007ffacc7f8000 	C:\Windows\System32\PSAPI.DLL
0x00007ffabe780000 - 0x00007ffabe789000 	C:\Windows\SYSTEM32\WSOCK32.dll
0x00007ffacbc10000 - 0x00007ffacbc7b000 	C:\Windows\System32\WS2_32.dll
0x00007ffac0770000 - 0x00007ffac0797000 	C:\Windows\SYSTEM32\WINMM.dll
0x00007ffac8250000 - 0x00007ffac8262000 	C:\Windows\SYSTEM32\kernel.appcore.dll
0x00007ffac5e50000 - 0x00007ffac5e5a000 	C:\Program Files\Java\jdk-17\bin\jimage.dll
0x00007ffaba540000 - 0x00007ffaba724000 	C:\Windows\SYSTEM32\DBGHELP.DLL
0x00007ffaba330000 - 0x00007ffaba35c000 	C:\Windows\SYSTEM32\dbgcore.DLL
0x00007ffacacb0000 - 0x00007ffacad33000 	C:\Windows\System32\bcryptPrimitives.dll
0x00007ffab7e80000 - 0x00007ffab7ea5000 	C:\Program Files\Java\jdk-17\bin\java.dll

dbghelp: loaded successfully - version: 4.0.5 - missing functions: none
symbol engine: initialized successfully - sym options: 0x614 - pdb path: .;C:\Program Files\Java\jdk-17\bin;C:\Windows\SYSTEM32;C:\Windows\WinSxS\amd64_microsoft.windows.common-controls_6595b64144ccf1df_6.0.19041.1110_none_60b5254171f9507e;C:\Program Files\Java\jdk-17\bin\server

VM Arguments:
jvm_args: -Dclassworlds.conf=C:\Program Files\apache-maven-3.9.8-bin\apache-maven-3.9.8\bin\m2.conf -Dmaven.home=C:\Program Files\apache-maven-3.9.8-bin\apache-maven-3.9.8 -Dlibrary.jansi.path=C:\Program Files\apache-maven-3.9.8-bin\apache-maven-3.9.8\lib\jansi-native -Dmaven.multiModuleProjectDirectory=I:\sarthak personal data\Task managemnt project\task-service 
java_command: org.codehaus.plexus.classworlds.launcher.Launcher spring-boot:run
java_class_path (initial): C:\Program Files\apache-maven-3.9.8-bin\apache-maven-3.9.8\boot\plexus-classworlds-2.8.0.jar
Launcher Type: SUN_STANDARD

[Global flags]
     intx CICompilerCount                          = 2                                         {product} {ergonomic}
     uint ConcGCThreads                            = 1                                         {product} {ergonomic}
     uint G1ConcRefinementThreads                  = 2                                         {product} {ergonomic}
   size_t G1HeapRegionSize                         = 1048576                                   {product} {ergonomic}
    uintx GCDrainStackTargetSize                   = 64                                        {product} {ergonomic}
   size_t InitialHeapSize                          = 65011712                                  {product} {ergonomic}
   size_t MarkStackSize                            = 4194304                                   {product} {ergonomic}
   size_t MaxHeapSize                              = 1040187392                                {product} {ergonomic}
   size_t MinHeapDeltaBytes                        = 1048576                                   {product} {ergonomic}
   size_t MinHeapSize                              = 8388608                                   {product} {ergonomic}
    uintx NonNMethodCodeHeapSize                   = 5826188                                {pd product} {ergonomic}
    uintx NonProfiledCodeHeapSize                  = 122916026                              {pd product} {ergonomic}
    uintx ProfiledCodeHeapSize                     = 122916026                              {pd product} {ergonomic}
    uintx ReservedCodeCacheSize                    = 251658240                              {pd product} {ergonomic}
     bool SegmentedCodeCache                       = true                                      {product} {ergonomic}
   size_t SoftMaxHeapSize                          = 1040187392                             {manageable} {ergonomic}
     bool UseCompressedClassPointers               = true                           {product lp64_product} {ergonomic}
     bool UseCompressedOops                        = true                           {product lp64_product} {ergonomic}
     bool UseG1GC                                  = true                                      {product} {ergonomic}
     bool UseLargePagesIndividualAllocation        = false                                  {pd product} {ergonomic}

Logging:
Log output configuration:
 #0: stdout all=warning uptime,level,tags
 #1: stderr all=off uptime,level,tags

Environment Variables:
JAVA_HOME=C:\Program Files\Java\jdk-17
CLASSPATH=C:\jav;C:\j;
PATH=C:\Program Files\Java\jdk-17\bin;C:\Program Files\Common Files\Oracle\Java\javapath;C:\Program Files\Java\jdk-17\bin;I:\sarthak personal data\react\nodejs\;C:\ProgramData\chocolatey\bin;C:\Program Files\Git\cmd;C:\Program Files\apache-maven-3.9.8-bin\apache-maven-3.9.8\bin;C:\Program Files\MySQL\MySQL Shell 8.0\bin\;C:\Program Files (x86)\Java\jdk1.8.0_301\bin;C:\Program Files\Java\jre1.8.0_202\bin;;C:\Program Files\JetBrains\IntelliJ IDEA Community Edition 2023.3.2\bin;;C:\Users\Microchip\AppData\Roaming\npm;C:\Users\Microchip\AppData\Local\Programs\Microsoft VS Code\bin
USERNAME=Microchip
LANG=en_US.UTF-8
OS=Windows_NT
PROCESSOR_IDENTIFIER=Intel64 Family 6 Model 60 Stepping 3, GenuineIntel



---------------  S Y S T E M  ---------------

OS:
 Windows 10 , 64 bit Build 19041 (10.0.19041.1202)
OS uptime: 0 days 10:49 hours

CPU: total 2 (initial active 2) (2 cores per cpu, 1 threads per core) family 6 model 60 stepping 3 microcode 0x27, cx8, cmov, fxsr, mmx, sse, sse2, sse3, ssse3, sse4.1, sse4.2, popcnt, lzcnt, tsc, tscinvbit, erms, clmul, clflush

Memory: 4k page, system-wide physical 3967M (293M free)
TotalPageFile size 16255M (AvailPageFile size 10M)
current process WorkingSet (physical memory assigned to process): 9M, peak: 9M
current process commit charge ("private bytes"): 47M, peak: 109M

vm_info: Java HotSpot(TM) 64-Bit Server VM (17.0.9+11-LTS-201) for windows-amd64 JRE (17.0.9+11-LTS-201), built on Oct 10 2023 23:16:06 by "mach5one" with MS VC++ 17.1 (VS2022)

END.
